This is pdfTeX, Version 3.141592653-2.6-1.40.25 (TeX Live 2023/Fedora 40) (preloaded format=pdflatex 2025.3.11)  8 JUN 2025 14:55
entering extended mode
 restricted \write18 enabled.
 file:line:error style messages enabled.
 %&-line parsing enabled.
**articulo2024-1S.tex
(./articulo2024-1S.tex
LaTeX2e <2022-11-01> patch level 1
L3 programming layer <2023-02-22>
(/usr/share/texlive/texmf-dist/tex/latex/base/article.cls
Document Class: article 2022/07/02 v1.4n Standard LaTeX document class
(/usr/share/texlive/texmf-dist/tex/latex/base/size12.clo
File: size12.clo 2022/07/02 v1.4n Standard LaTeX file (size option)
)
\c@part=\count185
\c@section=\count186
\c@subsection=\count187
\c@subsubsection=\count188
\c@paragraph=\count189
\c@subparagraph=\count190
\c@figure=\count191
\c@table=\count192
\abovecaptionskip=\skip48
\belowcaptionskip=\skip49
\bibindent=\dimen140
)
(/usr/share/texlive/texmf-dist/tex/latex/base/inputenc.sty
Package: inputenc 2021/02/14 v1.3d Input encoding file
\inpenc@prehook=\toks16
\inpenc@posthook=\toks17
)
(/usr/share/texlive/texmf-dist/tex/latex/base/fontenc.sty
Package: fontenc 2021/04/29 v2.0v Standard LaTeX package
)
(/usr/share/texlive/texmf-dist/tex/generic/babel/babel.sty
Package: babel 2023/02/13 3.86 The Babel package
\babel@savecnt=\count193
\U@D=\dimen141
\l@unhyphenated=\language85

(/usr/share/texlive/texmf-dist/tex/generic/babel/txtbabel.def)
\bbl@readstream=\read2
\bbl@dirlevel=\count194

(/usr/share/texlive/texmf-dist/tex/generic/babel-spanish/spanish.ldf
Language: spanish.ldf 2021/05/27 v5.0q Spanish support from the babel system
\es@quottoks=\toks18
\es@quotdepth=\count195
Package babel Info: Making " an active character on input line 570.
Package babel Info: Making . an active character on input line 675.
Package babel Info: Making < an active character on input line 722.
Package babel Info: Making > an active character on input line 722.
))
(/usr/share/texlive/texmf-dist/tex/generic/babel/locale/es/babel-spanish.tex
Package babel Info: Importing font and identification data for spanish
(babel)             from babel-es.ini. Reported on input line 11.
)
(/usr/share/texlive/texmf-dist/tex/latex/geometry/geometry.sty
Package: geometry 2020/01/02 v5.9 Page Geometry

(/usr/share/texlive/texmf-dist/tex/latex/graphics/keyval.sty
Package: keyval 2022/05/29 v1.15 key=value parser (DPC)
\KV@toks@=\toks19
)
(/usr/share/texlive/texmf-dist/tex/generic/iftex/ifvtex.sty
Package: ifvtex 2019/10/25 v1.7 ifvtex legacy package. Use iftex instead.

(/usr/share/texlive/texmf-dist/tex/generic/iftex/iftex.sty
Package: iftex 2022/02/03 v1.0f TeX engine tests
))
\Gm@cnth=\count196
\Gm@cntv=\count197
\c@Gm@tempcnt=\count198
\Gm@bindingoffset=\dimen142
\Gm@wd@mp=\dimen143
\Gm@odd@mp=\dimen144
\Gm@even@mp=\dimen145
\Gm@layoutwidth=\dimen146
\Gm@layoutheight=\dimen147
\Gm@layouthoffset=\dimen148
\Gm@layoutvoffset=\dimen149
\Gm@dimlist=\toks20
)
(/usr/share/texlive/texmf-dist/tex/latex/setspace/setspace.sty
Package: setspace 2022/12/04 v6.7b set line spacing
)
(/usr/share/texlive/texmf-dist/tex/latex/psnfss/times.sty
Package: times 2020/03/25 PSNFSS-v9.3 (SPQR) 
)
(/usr/share/texlive/texmf-dist/tex/latex/titlesec/titlesec.sty
Package: titlesec 2021/07/05 v2.14 Sectioning titles
\ttl@box=\box51
\beforetitleunit=\skip50
\aftertitleunit=\skip51
\ttl@plus=\dimen150
\ttl@minus=\dimen151
\ttl@toksa=\toks21
\titlewidth=\dimen152
\titlewidthlast=\dimen153
\titlewidthfirst=\dimen154
)
(/usr/share/texlive/texmf-dist/tex/latex/graphics/graphicx.sty
Package: graphicx 2021/09/16 v1.2d Enhanced LaTeX Graphics (DPC,SPQR)

(/usr/share/texlive/texmf-dist/tex/latex/graphics/graphics.sty
Package: graphics 2022/03/10 v1.4e Standard LaTeX Graphics (DPC,SPQR)

(/usr/share/texlive/texmf-dist/tex/latex/graphics/trig.sty
Package: trig 2021/08/11 v1.11 sin cos tan (DPC)
)
(/usr/share/texlive/texmf-dist/tex/latex/graphics-cfg/graphics.cfg
File: graphics.cfg 2016/06/04 v1.11 sample graphics configuration
)
Package graphics Info: Driver file: pdftex.def on input line 107.

(/usr/share/texlive/texmf-dist/tex/latex/graphics-def/pdftex.def
File: pdftex.def 2022/09/22 v1.2b Graphics/color driver for pdftex
))
\Gin@req@height=\dimen155
\Gin@req@width=\dimen156
)
(/usr/share/texlive/texmf-dist/tex/latex/float/float.sty
Package: float 2001/11/08 v1.3d Float enhancements (AL)
\c@float@type=\count199
\float@exts=\toks22
\float@box=\box52
\@float@everytoks=\toks23
\@floatcapt=\box53
)
(/usr/share/texlive/texmf-dist/tex/latex/dblfloatfix/dblfloatfix.sty
Package: dblfloatfix 2012/12/31 v1.0a (JAW)

(/usr/share/texlive/texmf-dist/tex/latex/base/fixltx2e.sty
Package: fixltx2e 2016/12/29 v2.1a fixes to LaTeX (obsolete)
Applying: [2015/01/01] Old fixltx2e package on input line 46.


Package fixltx2e Warning: fixltx2e is not required with releases after 2015
(fixltx2e)                All fixes are now in the LaTeX kernel.
(fixltx2e)                See the latexrelease package for details.

Already applied: [0000/00/00] Old fixltx2e package on input line 53.
)
\@dblbotnum=\count266
\c@dblbotnumber=\count267
) (/usr/share/texlive/texmf-dist/tex/latex/caption/caption.sty
Package: caption 2023/03/12 v3.6j Customizing captions (AR)

(/usr/share/texlive/texmf-dist/tex/latex/caption/caption3.sty
Package: caption3 2023/03/12 v2.4 caption3 kernel (AR)
\caption@tempdima=\dimen157
\captionmargin=\dimen158
\caption@leftmargin=\dimen159
\caption@rightmargin=\dimen160
\caption@width=\dimen161
\caption@indent=\dimen162
\caption@parindent=\dimen163
\caption@hangindent=\dimen164
Package caption Info: Standard document class detected.
)
\c@caption@flags=\count268
\c@continuedfloat=\count269
Package caption Info: float package is loaded.
)
(/usr/share/texlive/texmf-dist/tex/latex/xcolor/xcolor.sty
Package: xcolor 2022/06/12 v2.14 LaTeX color extensions (UK)

(/usr/share/texlive/texmf-dist/tex/latex/graphics-cfg/color.cfg
File: color.cfg 2016/01/02 v1.6 sample color configuration
)
Package xcolor Info: Driver file: pdftex.def on input line 227.

(/usr/share/texlive/texmf-dist/tex/latex/colortbl/colortbl.sty
Package: colortbl 2022/06/20 v1.0f Color table columns (DPC)

(/usr/share/texlive/texmf-dist/tex/latex/tools/array.sty
Package: array 2022/09/04 v2.5g Tabular extension package (FMi)
\col@sep=\dimen165
\ar@mcellbox=\box54
\extrarowheight=\dimen166
\NC@list=\toks24
\extratabsurround=\skip52
\backup@length=\skip53
\ar@cellbox=\box55
)
\everycr=\toks25
\minrowclearance=\skip54
\rownum=\count270
)
(/usr/share/texlive/texmf-dist/tex/latex/graphics/mathcolor.ltx)
Package xcolor Info: Model `cmy' substituted by `cmy0' on input line 1353.
Package xcolor Info: Model `hsb' substituted by `rgb' on input line 1357.
Package xcolor Info: Model `RGB' extended on input line 1369.
Package xcolor Info: Model `HTML' substituted by `rgb' on input line 1371.
Package xcolor Info: Model `Hsb' substituted by `hsb' on input line 1372.
Package xcolor Info: Model `tHsb' substituted by `hsb' on input line 1373.
Package xcolor Info: Model `HSB' substituted by `hsb' on input line 1374.
Package xcolor Info: Model `Gray' substituted by `gray' on input line 1375.
Package xcolor Info: Model `wave' substituted by `hsb' on input line 1376.
)
(/usr/share/texlive/texmf-dist/tex/latex/tools/longtable.sty
Package: longtable 2021-09-01 v4.17 Multi-page Table package (DPC)
\LTleft=\skip55
\LTright=\skip56
\LTpre=\skip57
\LTpost=\skip58
\LTchunksize=\count271
\LTcapwidth=\dimen167
\LT@head=\box56
\LT@firsthead=\box57
\LT@foot=\box58
\LT@lastfoot=\box59
\LT@gbox=\box60
\LT@cols=\count272
\LT@rows=\count273
\c@LT@tables=\count274
\c@LT@chunks=\count275
\LT@p@ftn=\toks26
)
(/usr/share/texlive/texmf-dist/tex/latex/enumitem/enumitem.sty
Package: enumitem 2019/06/20 v3.9 Customized lists
\labelindent=\skip59
\enit@outerparindent=\dimen168
\enit@toks=\toks27
\enit@inbox=\box61
\enit@count@id=\count276
\enitdp@description=\count277
)
(/usr/share/texlive/texmf-dist/tex/latex/listings/listings.sty
\lst@mode=\count278
\lst@gtempboxa=\box62
\lst@token=\toks28
\lst@length=\count279
\lst@currlwidth=\dimen169
\lst@column=\count280
\lst@pos=\count281
\lst@lostspace=\dimen170
\lst@width=\dimen171
\lst@newlines=\count282
\lst@lineno=\count283
\lst@maxwidth=\dimen172

(/usr/share/texlive/texmf-dist/tex/latex/listings/lstmisc.sty
File: lstmisc.sty 2023/02/27 1.9 (Carsten Heinz)
\c@lstnumber=\count284
\lst@skipnumbers=\count285
\lst@framebox=\box63
)
(/usr/share/texlive/texmf-dist/tex/latex/listings/listings.cfg
File: listings.cfg 2023/02/27 1.9 listings configuration
))
Package: listings 2023/02/27 1.9 (Carsten Heinz)

(/usr/share/texlive/texmf-dist/tex/latex/amsmath/amsmath.sty
Package: amsmath 2022/04/08 v2.17n AMS math features
\@mathmargin=\skip60

For additional information on amsmath, use the `?' option.
(/usr/share/texlive/texmf-dist/tex/latex/amsmath/amstext.sty
Package: amstext 2021/08/26 v2.01 AMS text

(/usr/share/texlive/texmf-dist/tex/latex/amsmath/amsgen.sty
File: amsgen.sty 1999/11/30 v2.0 generic functions
\@emptytoks=\toks29
\ex@=\dimen173
))
(/usr/share/texlive/texmf-dist/tex/latex/amsmath/amsbsy.sty
Package: amsbsy 1999/11/29 v1.2d Bold Symbols
\pmbraise@=\dimen174
)
(/usr/share/texlive/texmf-dist/tex/latex/amsmath/amsopn.sty
Package: amsopn 2022/04/08 v2.04 operator names
)
\inf@bad=\count286
LaTeX Info: Redefining \frac on input line 234.
\uproot@=\count287
\leftroot@=\count288
LaTeX Info: Redefining \overline on input line 399.
LaTeX Info: Redefining \colon on input line 410.
\classnum@=\count289
\DOTSCASE@=\count290
LaTeX Info: Redefining \ldots on input line 496.
LaTeX Info: Redefining \dots on input line 499.
LaTeX Info: Redefining \cdots on input line 620.
\Mathstrutbox@=\box64
\strutbox@=\box65
LaTeX Info: Redefining \big on input line 722.
LaTeX Info: Redefining \Big on input line 723.
LaTeX Info: Redefining \bigg on input line 724.
LaTeX Info: Redefining \Bigg on input line 725.
\big@size=\dimen175
LaTeX Font Info:    Redeclaring font encoding OML on input line 743.
LaTeX Font Info:    Redeclaring font encoding OMS on input line 744.
\macc@depth=\count291
LaTeX Info: Redefining \bmod on input line 905.
LaTeX Info: Redefining \pmod on input line 910.
LaTeX Info: Redefining \smash on input line 940.
LaTeX Info: Redefining \relbar on input line 970.
LaTeX Info: Redefining \Relbar on input line 971.
\c@MaxMatrixCols=\count292
\dotsspace@=\muskip16
\c@parentequation=\count293
\dspbrk@lvl=\count294
\tag@help=\toks30
\row@=\count295
\column@=\count296
\maxfields@=\count297
\andhelp@=\toks31
\eqnshift@=\dimen176
\alignsep@=\dimen177
\tagshift@=\dimen178
\tagwidth@=\dimen179
\totwidth@=\dimen180
\lineht@=\dimen181
\@envbody=\toks32
\multlinegap=\skip61
\multlinetaggap=\skip62
\mathdisplay@stack=\toks33
LaTeX Info: Redefining \[ on input line 2953.
LaTeX Info: Redefining \] on input line 2954.
)
(/usr/share/texlive/texmf-dist/tex/latex/pdflscape/pdflscape.sty
Package: pdflscape 2022-10-27 v0.13 Display of landscape pages in PDF

(/usr/share/texlive/texmf-dist/tex/latex/pdflscape/pdflscape-nometadata.sty
Package: pdflscape-nometadata 2022-10-28 v0.13 Display of landscape pages in PD
F (HO)

(/usr/share/texlive/texmf-dist/tex/latex/graphics/lscape.sty
Package: lscape 2020/05/28 v3.02 Landscape Pages (DPC)
)
Package pdflscape Info: Auto-detected driver: pdftex on input line 81.
))
(/usr/share/texlive/texmf-dist/tex/latex/tcolorbox/tcolorbox.sty
Package: tcolorbox 2023/03/17 version 6.0.3 text color boxes

(/usr/share/texlive/texmf-dist/tex/latex/pgf/basiclayer/pgf.sty
(/usr/share/texlive/texmf-dist/tex/latex/pgf/utilities/pgfrcs.sty
(/usr/share/texlive/texmf-dist/tex/generic/pgf/utilities/pgfutil-common.tex
\pgfutil@everybye=\toks34
\pgfutil@tempdima=\dimen182
\pgfutil@tempdimb=\dimen183
)
(/usr/share/texlive/texmf-dist/tex/generic/pgf/utilities/pgfutil-latex.def
\pgfutil@abb=\box66
)
(/usr/share/texlive/texmf-dist/tex/generic/pgf/utilities/pgfrcs.code.tex
(/usr/share/texlive/texmf-dist/tex/generic/pgf/pgf.revision.tex)
Package: pgfrcs 2023-01-15 v3.1.10 (3.1.10)
))
Package: pgf 2023-01-15 v3.1.10 (3.1.10)

(/usr/share/texlive/texmf-dist/tex/latex/pgf/basiclayer/pgfcore.sty
(/usr/share/texlive/texmf-dist/tex/latex/pgf/systemlayer/pgfsys.sty
(/usr/share/texlive/texmf-dist/tex/generic/pgf/systemlayer/pgfsys.code.tex
Package: pgfsys 2023-01-15 v3.1.10 (3.1.10)

(/usr/share/texlive/texmf-dist/tex/generic/pgf/utilities/pgfkeys.code.tex
\pgfkeys@pathtoks=\toks35
\pgfkeys@temptoks=\toks36

(/usr/share/texlive/texmf-dist/tex/generic/pgf/utilities/pgfkeyslibraryfiltered
.code.tex
\pgfkeys@tmptoks=\toks37
))
\pgf@x=\dimen184
\pgf@y=\dimen185
\pgf@xa=\dimen186
\pgf@ya=\dimen187
\pgf@xb=\dimen188
\pgf@yb=\dimen189
\pgf@xc=\dimen190
\pgf@yc=\dimen191
\pgf@xd=\dimen192
\pgf@yd=\dimen193
\w@pgf@writea=\write3
\r@pgf@reada=\read3
\c@pgf@counta=\count298
\c@pgf@countb=\count299
\c@pgf@countc=\count300
\c@pgf@countd=\count301
\t@pgf@toka=\toks38
\t@pgf@tokb=\toks39
\t@pgf@tokc=\toks40
\pgf@sys@id@count=\count302
 (/usr/share/texlive/texmf-dist/tex/generic/pgf/systemlayer/pgf.cfg
File: pgf.cfg 2023-01-15 v3.1.10 (3.1.10)
)
Driver file for pgf: pgfsys-pdftex.def
(/usr/share/texlive/texmf-dist/tex/generic/pgf/systemlayer/pgfsys-pdftex.def
File: pgfsys-pdftex.def 2023-01-15 v3.1.10 (3.1.10)

(/usr/share/texlive/texmf-dist/tex/generic/pgf/systemlayer/pgfsys-common-pdf.de
f
File: pgfsys-common-pdf.def 2023-01-15 v3.1.10 (3.1.10)
)))
(/usr/share/texlive/texmf-dist/tex/generic/pgf/systemlayer/pgfsyssoftpath.code.
tex
File: pgfsyssoftpath.code.tex 2023-01-15 v3.1.10 (3.1.10)
\pgfsyssoftpath@smallbuffer@items=\count303
\pgfsyssoftpath@bigbuffer@items=\count304
)
(/usr/share/texlive/texmf-dist/tex/generic/pgf/systemlayer/pgfsysprotocol.code.
tex
File: pgfsysprotocol.code.tex 2023-01-15 v3.1.10 (3.1.10)
))
(/usr/share/texlive/texmf-dist/tex/generic/pgf/basiclayer/pgfcore.code.tex
Package: pgfcore 2023-01-15 v3.1.10 (3.1.10)

(/usr/share/texlive/texmf-dist/tex/generic/pgf/math/pgfmath.code.tex
(/usr/share/texlive/texmf-dist/tex/generic/pgf/math/pgfmathutil.code.tex)
(/usr/share/texlive/texmf-dist/tex/generic/pgf/math/pgfmathparser.code.tex
\pgfmath@dimen=\dimen194
\pgfmath@count=\count305
\pgfmath@box=\box67
\pgfmath@toks=\toks41
\pgfmath@stack@operand=\toks42
\pgfmath@stack@operation=\toks43
)
(/usr/share/texlive/texmf-dist/tex/generic/pgf/math/pgfmathfunctions.code.tex)
(/usr/share/texlive/texmf-dist/tex/generic/pgf/math/pgfmathfunctions.basic.code
.tex)
(/usr/share/texlive/texmf-dist/tex/generic/pgf/math/pgfmathfunctions.trigonomet
ric.code.tex)
(/usr/share/texlive/texmf-dist/tex/generic/pgf/math/pgfmathfunctions.random.cod
e.tex)
(/usr/share/texlive/texmf-dist/tex/generic/pgf/math/pgfmathfunctions.comparison
.code.tex)
(/usr/share/texlive/texmf-dist/tex/generic/pgf/math/pgfmathfunctions.base.code.
tex)
(/usr/share/texlive/texmf-dist/tex/generic/pgf/math/pgfmathfunctions.round.code
.tex)
(/usr/share/texlive/texmf-dist/tex/generic/pgf/math/pgfmathfunctions.misc.code.
tex)
(/usr/share/texlive/texmf-dist/tex/generic/pgf/math/pgfmathfunctions.integerari
thmetics.code.tex)
(/usr/share/texlive/texmf-dist/tex/generic/pgf/math/pgfmathcalc.code.tex)
(/usr/share/texlive/texmf-dist/tex/generic/pgf/math/pgfmathfloat.code.tex
\c@pgfmathroundto@lastzeros=\count306
))
(/usr/share/texlive/texmf-dist/tex/generic/pgf/math/pgfint.code.tex)
(/usr/share/texlive/texmf-dist/tex/generic/pgf/basiclayer/pgfcorepoints.code.te
x
File: pgfcorepoints.code.tex 2023-01-15 v3.1.10 (3.1.10)
\pgf@picminx=\dimen195
\pgf@picmaxx=\dimen196
\pgf@picminy=\dimen197
\pgf@picmaxy=\dimen198
\pgf@pathminx=\dimen199
\pgf@pathmaxx=\dimen256
\pgf@pathminy=\dimen257
\pgf@pathmaxy=\dimen258
\pgf@xx=\dimen259
\pgf@xy=\dimen260
\pgf@yx=\dimen261
\pgf@yy=\dimen262
\pgf@zx=\dimen263
\pgf@zy=\dimen264
)
(/usr/share/texlive/texmf-dist/tex/generic/pgf/basiclayer/pgfcorepathconstruct.
code.tex
File: pgfcorepathconstruct.code.tex 2023-01-15 v3.1.10 (3.1.10)
\pgf@path@lastx=\dimen265
\pgf@path@lasty=\dimen266
)
(/usr/share/texlive/texmf-dist/tex/generic/pgf/basiclayer/pgfcorepathusage.code
.tex
File: pgfcorepathusage.code.tex 2023-01-15 v3.1.10 (3.1.10)
\pgf@shorten@end@additional=\dimen267
\pgf@shorten@start@additional=\dimen268
)
(/usr/share/texlive/texmf-dist/tex/generic/pgf/basiclayer/pgfcorescopes.code.te
x
File: pgfcorescopes.code.tex 2023-01-15 v3.1.10 (3.1.10)
\pgfpic=\box68
\pgf@hbox=\box69
\pgf@layerbox@main=\box70
\pgf@picture@serial@count=\count307
)
(/usr/share/texlive/texmf-dist/tex/generic/pgf/basiclayer/pgfcoregraphicstate.c
ode.tex
File: pgfcoregraphicstate.code.tex 2023-01-15 v3.1.10 (3.1.10)
\pgflinewidth=\dimen269
)
(/usr/share/texlive/texmf-dist/tex/generic/pgf/basiclayer/pgfcoretransformation
s.code.tex
File: pgfcoretransformations.code.tex 2023-01-15 v3.1.10 (3.1.10)
\pgf@pt@x=\dimen270
\pgf@pt@y=\dimen271
\pgf@pt@temp=\dimen272
)
(/usr/share/texlive/texmf-dist/tex/generic/pgf/basiclayer/pgfcorequick.code.tex
File: pgfcorequick.code.tex 2023-01-15 v3.1.10 (3.1.10)
)
(/usr/share/texlive/texmf-dist/tex/generic/pgf/basiclayer/pgfcoreobjects.code.t
ex
File: pgfcoreobjects.code.tex 2023-01-15 v3.1.10 (3.1.10)
)
(/usr/share/texlive/texmf-dist/tex/generic/pgf/basiclayer/pgfcorepathprocessing
.code.tex
File: pgfcorepathprocessing.code.tex 2023-01-15 v3.1.10 (3.1.10)
)
(/usr/share/texlive/texmf-dist/tex/generic/pgf/basiclayer/pgfcorearrows.code.te
x
File: pgfcorearrows.code.tex 2023-01-15 v3.1.10 (3.1.10)
\pgfarrowsep=\dimen273
)
(/usr/share/texlive/texmf-dist/tex/generic/pgf/basiclayer/pgfcoreshade.code.tex
File: pgfcoreshade.code.tex 2023-01-15 v3.1.10 (3.1.10)
\pgf@max=\dimen274
\pgf@sys@shading@range@num=\count308
\pgf@shadingcount=\count309
)
(/usr/share/texlive/texmf-dist/tex/generic/pgf/basiclayer/pgfcoreimage.code.tex
File: pgfcoreimage.code.tex 2023-01-15 v3.1.10 (3.1.10)
)
(/usr/share/texlive/texmf-dist/tex/generic/pgf/basiclayer/pgfcoreexternal.code.
tex
File: pgfcoreexternal.code.tex 2023-01-15 v3.1.10 (3.1.10)
\pgfexternal@startupbox=\box71
)
(/usr/share/texlive/texmf-dist/tex/generic/pgf/basiclayer/pgfcorelayers.code.te
x
File: pgfcorelayers.code.tex 2023-01-15 v3.1.10 (3.1.10)
)
(/usr/share/texlive/texmf-dist/tex/generic/pgf/basiclayer/pgfcoretransparency.c
ode.tex
File: pgfcoretransparency.code.tex 2023-01-15 v3.1.10 (3.1.10)
)
(/usr/share/texlive/texmf-dist/tex/generic/pgf/basiclayer/pgfcorepatterns.code.
tex
File: pgfcorepatterns.code.tex 2023-01-15 v3.1.10 (3.1.10)
)
(/usr/share/texlive/texmf-dist/tex/generic/pgf/basiclayer/pgfcorerdf.code.tex
File: pgfcorerdf.code.tex 2023-01-15 v3.1.10 (3.1.10)
)))
(/usr/share/texlive/texmf-dist/tex/generic/pgf/modules/pgfmoduleshapes.code.tex
File: pgfmoduleshapes.code.tex 2023-01-15 v3.1.10 (3.1.10)
\pgfnodeparttextbox=\box72
) (/usr/share/texlive/texmf-dist/tex/generic/pgf/modules/pgfmoduleplot.code.tex
File: pgfmoduleplot.code.tex 2023-01-15 v3.1.10 (3.1.10)
)
(/usr/share/texlive/texmf-dist/tex/latex/pgf/compatibility/pgfcomp-version-0-65
.sty
Package: pgfcomp-version-0-65 2023-01-15 v3.1.10 (3.1.10)
\pgf@nodesepstart=\dimen275
\pgf@nodesepend=\dimen276
)
(/usr/share/texlive/texmf-dist/tex/latex/pgf/compatibility/pgfcomp-version-1-18
.sty
Package: pgfcomp-version-1-18 2023-01-15 v3.1.10 (3.1.10)
)) (/usr/share/texlive/texmf-dist/tex/latex/tools/verbatim.sty
Package: verbatim 2022-07-02 v1.5u LaTeX2e package for verbatim enhancements
\every@verbatim=\toks44
\verbatim@line=\toks45
\verbatim@in@stream=\read4
)
(/usr/share/texlive/texmf-dist/tex/latex/environ/environ.sty
Package: environ 2014/05/04 v0.3 A new way to define environments

(/usr/share/texlive/texmf-dist/tex/latex/trimspaces/trimspaces.sty
Package: trimspaces 2009/09/17 v1.1 Trim spaces around a token list
))
(/usr/share/texlive/texmf-dist/tex/latex/etoolbox/etoolbox.sty
Package: etoolbox 2020/10/05 v2.5k e-TeX tools for LaTeX (JAW)
\etb@tempcnta=\count310
)
\tcb@titlebox=\box73
\tcb@upperbox=\box74
\tcb@lowerbox=\box75
\tcb@phantombox=\box76
\c@tcbbreakpart=\count311
\c@tcblayer=\count312
\c@tcolorbox@number=\count313
\tcb@temp=\box77
\tcb@temp=\box78
\tcb@temp=\box79
\tcb@temp=\box80

(/usr/share/texlive/texmf-dist/tex/latex/tcolorbox/tcbraster.code.tex
Library (tcolorbox): 'tcbraster.code.tex' version '6.0.3'
\c@tcbrastercolumn=\count314
\c@tcbrasterrow=\count315
\c@tcbrasternum=\count316
\c@tcbraster=\count317
) (/usr/share/texlive/texmf-dist/tex/latex/tcolorbox/tcbskins.code.tex
Library (tcolorbox): 'tcbskins.code.tex' version '6.0.3'
(/usr/share/texlive/texmf-dist/tex/latex/pgf/frontendlayer/tikz.sty
(/usr/share/texlive/texmf-dist/tex/latex/pgf/utilities/pgffor.sty
(/usr/share/texlive/texmf-dist/tex/latex/pgf/utilities/pgfkeys.sty
(/usr/share/texlive/texmf-dist/tex/generic/pgf/utilities/pgfkeys.code.tex))
(/usr/share/texlive/texmf-dist/tex/latex/pgf/math/pgfmath.sty
(/usr/share/texlive/texmf-dist/tex/generic/pgf/math/pgfmath.code.tex))
(/usr/share/texlive/texmf-dist/tex/generic/pgf/utilities/pgffor.code.tex
Package: pgffor 2023-01-15 v3.1.10 (3.1.10)
\pgffor@iter=\dimen277
\pgffor@skip=\dimen278
\pgffor@stack=\toks46
\pgffor@toks=\toks47
))
(/usr/share/texlive/texmf-dist/tex/generic/pgf/frontendlayer/tikz/tikz.code.tex
Package: tikz 2023-01-15 v3.1.10 (3.1.10)

(/usr/share/texlive/texmf-dist/tex/generic/pgf/libraries/pgflibraryplothandlers
.code.tex
File: pgflibraryplothandlers.code.tex 2023-01-15 v3.1.10 (3.1.10)
\pgf@plot@mark@count=\count318
\pgfplotmarksize=\dimen279
)
\tikz@lastx=\dimen280
\tikz@lasty=\dimen281
\tikz@lastxsaved=\dimen282
\tikz@lastysaved=\dimen283
\tikz@lastmovetox=\dimen284
\tikz@lastmovetoy=\dimen285
\tikzleveldistance=\dimen286
\tikzsiblingdistance=\dimen287
\tikz@figbox=\box81
\tikz@figbox@bg=\box82
\tikz@tempbox=\box83
\tikz@tempbox@bg=\box84
\tikztreelevel=\count319
\tikznumberofchildren=\count320
\tikznumberofcurrentchild=\count321
\tikz@fig@count=\count322

(/usr/share/texlive/texmf-dist/tex/generic/pgf/modules/pgfmodulematrix.code.tex
File: pgfmodulematrix.code.tex 2023-01-15 v3.1.10 (3.1.10)
\pgfmatrixcurrentrow=\count323
\pgfmatrixcurrentcolumn=\count324
\pgf@matrix@numberofcolumns=\count325
)
\tikz@expandcount=\count326

(/usr/share/texlive/texmf-dist/tex/generic/pgf/frontendlayer/tikz/libraries/tik
zlibrarytopaths.code.tex
File: tikzlibrarytopaths.code.tex 2023-01-15 v3.1.10 (3.1.10)
)))
(/usr/share/texlive/texmf-dist/tex/latex/tikzfill/tikzfill.image.sty
Package: tikzfill.image 2022/07/20 v1.0.0 Image filling library for TikZ

(/usr/share/texlive/texmf-dist/tex/latex/tikzfill/tikzfill-common.sty
Package: tikzfill-common 2022/07/20 v1.0.0 Auxiliary code for tikzfill
)
(/usr/share/texlive/texmf-dist/tex/latex/tikzfill/tikzlibraryfill.image.code.te
x
File: tikzlibraryfill.image.code.tex 2022/07/20 v1.0.0 Image filling library
\l__tikzfill_img_box=\box85
)) (/usr/share/texlive/texmf-dist/tex/latex/tcolorbox/tcbskinsjigsaw.code.tex
Library (tcolorbox): 'tcbskinsjigsaw.code.tex' version '6.0.3'
)) (/usr/share/texlive/texmf-dist/tex/latex/tcolorbox/tcbbreakable.code.tex
Library (tcolorbox): 'tcbbreakable.code.tex' version '6.0.3'
(/usr/share/texlive/texmf-dist/tex/latex/pdfcol/pdfcol.sty
Package: pdfcol 2022-09-21 v1.7 Handle new color stacks for pdfTeX (HO)

(/usr/share/texlive/texmf-dist/tex/generic/ltxcmds/ltxcmds.sty
Package: ltxcmds 2020-05-10 v1.25 LaTeX kernel commands for general use (HO)
)
(/usr/share/texlive/texmf-dist/tex/generic/infwarerr/infwarerr.sty
Package: infwarerr 2019/12/03 v1.5 Providing info/warning/error messages (HO)
))
Package pdfcol Info: New color stack `tcb@breakable' = 1 on input line 23.
\tcb@testbox=\box86
\tcb@totalupperbox=\box87
\tcb@totallowerbox=\box88
)
(/usr/share/texlive/texmf-dist/tex/latex/tcolorbox/tcbhooks.code.tex
Library (tcolorbox): 'tcbhooks.code.tex' version '6.0.3'
) (/usr/share/texlive/texmf-dist/tex/latex/tcolorbox/tcbtheorems.code.tex
Library (tcolorbox): 'tcbtheorems.code.tex' version '6.0.3'
) (/usr/share/texlive/texmf-dist/tex/latex/tcolorbox/tcbfitting.code.tex
Library (tcolorbox): 'tcbfitting.code.tex' version '6.0.3'
\tcbfitdim=\dimen288
\tcb@lowerfitdim=\dimen289
\tcb@upperfitdim=\dimen290
\tcb@cur@hbadness=\count327
) (/usr/share/texlive/texmf-dist/tex/latex/tcolorbox/tcblistingsutf8.code.tex
Library (tcolorbox): 'tcblistingsutf8.code.tex' version '6.0.3'
(/usr/share/texlive/texmf-dist/tex/latex/tcolorbox/tcblistings.code.tex
Library (tcolorbox): 'tcblistings.code.tex' version '6.0.3'
(/usr/share/texlive/texmf-dist/tex/latex/tcolorbox/tcblistingscore.code.tex
Library (tcolorbox): 'tcblistingscore.code.tex' version '6.0.3'
(/usr/share/texlive/texmf-dist/tex/latex/tcolorbox/tcbprocessing.code.tex
Library (tcolorbox): 'tcbprocessing.code.tex' version '6.0.3'
(/usr/share/texlive/texmf-dist/tex/generic/pdftexcmds/pdftexcmds.sty
Package: pdftexcmds 2020-06-27 v0.33 Utility functions of pdfTeX for LuaTeX (HO
)
Package pdftexcmds Info: \pdf@primitive is available.
Package pdftexcmds Info: \pdf@ifprimitive is available.
Package pdftexcmds Info: \pdfdraftmode found.
)
(/usr/share/texlive/texmf-dist/tex/latex/tools/shellesc.sty
Package: shellesc 2019/11/08 v1.0c unified shell escape interface for LaTeX
Package shellesc Info: Restricted shell escape enabled on input line 77.
))
\c@tcblisting=\count328
))
(/usr/share/texlive/texmf-dist/tex/latex/listingsutf8/listingsutf8.sty
Package: listingsutf8 2019-12-10 v1.5 Allow UTF-8 in listings input (HO)

(/usr/share/texlive/texmf-dist/tex/generic/stringenc/stringenc.sty
Package: stringenc 2019/11/29 v1.12 Convert strings between diff. encodings (HO
)

(/usr/share/texlive/texmf-dist/tex/generic/pdfescape/pdfescape.sty
Package: pdfescape 2019/12/09 v1.15 Implements pdfTeX's escape features (HO)
))))
(/usr/share/texlive/texmf-dist/tex/latex/tcolorbox/tcbexternal.code.tex
Library (tcolorbox): 'tcbexternal.code.tex' version '6.0.3'
) (/usr/share/texlive/texmf-dist/tex/latex/tcolorbox/tcbmagazine.code.tex
Library (tcolorbox): 'tcbmagazine.code.tex' version '6.0.3'
) (/usr/share/texlive/texmf-dist/tex/latex/tcolorbox/tcbvignette.code.tex
Library (tcolorbox): 'tcbvignette.code.tex' version '6.0.3'

(/usr/share/texlive/texmf-dist/tex/generic/pgf/frontendlayer/tikz/libraries/tik
zlibraryfadings.code.tex
File: tikzlibraryfadings.code.tex 2023-01-15 v3.1.10 (3.1.10)

(/usr/share/texlive/texmf-dist/tex/generic/pgf/libraries/pgflibraryfadings.code
.tex
File: pgflibraryfadings.code.tex 2023-01-15 v3.1.10 (3.1.10)
))) (/usr/share/texlive/texmf-dist/tex/latex/tcolorbox/tcbposter.code.tex
Library (tcolorbox): 'tcbposter.code.tex' version '6.0.3'
)) (/usr/share/texlive/texmf-dist/tex/latex/tools/multicol.sty
Package: multicol 2021/11/30 v1.9d multicolumn formatting (FMi)
\c@tracingmulticols=\count329
\mult@box=\box89
\multicol@leftmargin=\dimen291
\c@unbalance=\count330
\c@collectmore=\count331
\doublecol@number=\count332
\multicoltolerance=\count333
\multicolpretolerance=\count334
\full@width=\dimen292
\page@free=\dimen293
\premulticols=\dimen294
\postmulticols=\dimen295
\multicolsep=\skip63
\multicolbaselineskip=\skip64
\partial@page=\box90
\last@line=\box91
\maxbalancingoverflow=\dimen296
\mult@rightbox=\box92
\mult@grightbox=\box93
\mult@firstbox=\box94
\mult@gfirstbox=\box95
\@tempa=\box96
\@tempa=\box97
\@tempa=\box98
\@tempa=\box99
\@tempa=\box100
\@tempa=\box101
\@tempa=\box102
\@tempa=\box103
\@tempa=\box104
\@tempa=\box105
\@tempa=\box106
\@tempa=\box107
\@tempa=\box108
\@tempa=\box109
\@tempa=\box110
\@tempa=\box111
\@tempa=\box112
\@tempa=\box113
\@tempa=\box114
\@tempa=\box115
\@tempa=\box116
\@tempa=\box117
\@tempa=\box118
\@tempa=\box119
\@tempa=\box120
\@tempa=\box121
\@tempa=\box122
\@tempa=\box123
\@tempa=\box124
\@tempa=\box125
\@tempa=\box126
\@tempa=\box127
\@tempa=\box128
\@tempa=\box129
\@tempa=\box130
\@tempa=\box131
\c@minrows=\count335
\c@columnbadness=\count336
\c@finalcolumnbadness=\count337
\last@try=\dimen297
\multicolovershoot=\dimen298
\multicolundershoot=\dimen299
\mult@nat@firstbox=\box132
\colbreak@box=\box133
\mc@col@check@num=\count338
)
(/usr/share/texlive/texmf-dist/tex/latex/tools/afterpage.sty
Package: afterpage 2014/10/28 v1.08 After-Page Package (DPC)
\AP@output=\toks48
\AP@partial=\box134
\AP@footins=\box135
)
(/usr/share/texlive/texmf-dist/tex/latex/hyperref/hyperref.sty
Package: hyperref 2023-02-07 v7.00v Hypertext links for LaTeX

(/usr/share/texlive/texmf-dist/tex/latex/kvsetkeys/kvsetkeys.sty
Package: kvsetkeys 2022-10-05 v1.19 Key value parser (HO)
)
(/usr/share/texlive/texmf-dist/tex/generic/kvdefinekeys/kvdefinekeys.sty
Package: kvdefinekeys 2019-12-19 v1.6 Define keys (HO)
)
(/usr/share/texlive/texmf-dist/tex/latex/hycolor/hycolor.sty
Package: hycolor 2020-01-27 v1.10 Color options for hyperref/bookmark (HO)
)
(/usr/share/texlive/texmf-dist/tex/latex/letltxmacro/letltxmacro.sty
Package: letltxmacro 2019/12/03 v1.6 Let assignment for LaTeX macros (HO)
)
(/usr/share/texlive/texmf-dist/tex/latex/auxhook/auxhook.sty
Package: auxhook 2019-12-17 v1.6 Hooks for auxiliary files (HO)
)
(/usr/share/texlive/texmf-dist/tex/latex/hyperref/nameref.sty
Package: nameref 2022-05-17 v2.50 Cross-referencing by name of section

(/usr/share/texlive/texmf-dist/tex/latex/refcount/refcount.sty
Package: refcount 2019/12/15 v3.6 Data extraction from label references (HO)
)
(/usr/share/texlive/texmf-dist/tex/generic/gettitlestring/gettitlestring.sty
Package: gettitlestring 2019/12/15 v1.6 Cleanup title references (HO)

(/usr/share/texlive/texmf-dist/tex/latex/kvoptions/kvoptions.sty
Package: kvoptions 2022-06-15 v3.15 Key value format for package options (HO)
))
\c@section@level=\count339
)
\@linkdim=\dimen300
\Hy@linkcounter=\count340
\Hy@pagecounter=\count341

(/usr/share/texlive/texmf-dist/tex/latex/hyperref/pd1enc.def
File: pd1enc.def 2023-02-07 v7.00v Hyperref: PDFDocEncoding definition (HO)
Now handling font encoding PD1 ...
... no UTF-8 mapping file for font encoding PD1
)
(/usr/share/texlive/texmf-dist/tex/generic/intcalc/intcalc.sty
Package: intcalc 2019/12/15 v1.3 Expandable calculations with integers (HO)
)
(/usr/share/texlive/texmf-dist/tex/generic/etexcmds/etexcmds.sty
Package: etexcmds 2019/12/15 v1.7 Avoid name clashes with e-TeX commands (HO)
)
\Hy@SavedSpaceFactor=\count342

(/usr/share/texlive/texmf-dist/tex/latex/hyperref/puenc.def
File: puenc.def 2023-02-07 v7.00v Hyperref: PDF Unicode definition (HO)
Now handling font encoding PU ...
... no UTF-8 mapping file for font encoding PU
)
Package hyperref Info: Hyper figures OFF on input line 4177.
Package hyperref Info: Link nesting OFF on input line 4182.
Package hyperref Info: Hyper index ON on input line 4185.
Package hyperref Info: Plain pages OFF on input line 4192.
Package hyperref Info: Backreferencing OFF on input line 4197.
Package hyperref Info: Implicit mode ON; LaTeX internals redefined.
Package hyperref Info: Bookmarks ON on input line 4425.
\c@Hy@tempcnt=\count343

(/usr/share/texlive/texmf-dist/tex/latex/url/url.sty
\Urlmuskip=\muskip17
Package: url 2013/09/16  ver 3.4  Verb mode for urls, etc.
)
LaTeX Info: Redefining \url on input line 4763.
\XeTeXLinkMargin=\dimen301

(/usr/share/texlive/texmf-dist/tex/generic/bitset/bitset.sty
Package: bitset 2019/12/09 v1.3 Handle bit-vector datatype (HO)

(/usr/share/texlive/texmf-dist/tex/generic/bigintcalc/bigintcalc.sty
Package: bigintcalc 2019/12/15 v1.5 Expandable calculations on big integers (HO
)
))
\Fld@menulength=\count344
\Field@Width=\dimen302
\Fld@charsize=\dimen303
Package hyperref Info: Hyper figures OFF on input line 6042.
Package hyperref Info: Link nesting OFF on input line 6047.
Package hyperref Info: Hyper index ON on input line 6050.
Package hyperref Info: backreferencing OFF on input line 6057.
Package hyperref Info: Link coloring OFF on input line 6062.
Package hyperref Info: Link coloring with OCG OFF on input line 6067.
Package hyperref Info: PDF/A mode OFF on input line 6072.

(/usr/share/texlive/texmf-dist/tex/latex/base/atbegshi-ltx.sty
Package: atbegshi-ltx 2021/01/10 v1.0c Emulation of the original atbegshi
package with kernel methods
)
\Hy@abspage=\count345
\c@Item=\count346
\c@Hfootnote=\count347
)
Package hyperref Info: Driver (autodetected): hpdftex.

(/usr/share/texlive/texmf-dist/tex/latex/hyperref/hpdftex.def
File: hpdftex.def 2023-02-07 v7.00v Hyperref driver for pdfTeX

(/usr/share/texlive/texmf-dist/tex/latex/base/atveryend-ltx.sty
Package: atveryend-ltx 2020/08/19 v1.0a Emulation of the original atveryend pac
kage
with kernel methods
)
\Fld@listcount=\count348
\c@bookmark@seq@number=\count349

(/usr/share/texlive/texmf-dist/tex/latex/rerunfilecheck/rerunfilecheck.sty
Package: rerunfilecheck 2022-07-10 v1.10 Rerun checks for auxiliary files (HO)

(/usr/share/texlive/texmf-dist/tex/generic/uniquecounter/uniquecounter.sty
Package: uniquecounter 2019/12/15 v1.4 Provide unlimited unique counter (HO)
)
Package uniquecounter Info: New unique counter `rerunfilecheck' on input line 2
85.
)
\Hy@SectionHShift=\skip65
)
Package hyperref Info: Option `colorlinks' set `true' on input line 40.
Package hyperref Info: Option `breaklinks' set `true' on input line 40.

(/usr/share/texlive/texmf-dist/tex/latex/apacite/apacite.sty
Package: apacite 2013/07/21 v6.03 APA citation
\c@BibCnt=\count350
\bibleftmargin=\skip66
\bibindent=\skip67
\bibparsep=\skip68
\bibitemsep=\skip69
\biblabelsep=\skip70
)

Package array Warning: Column P is already defined on input line 52.

(/usr/share/texlive/texmf-dist/tex/latex/listings/lstlang1.sty
File: lstlang1.sty 2023/02/27 1.9 listings language file
)
(/usr/share/texlive/texmf-dist/tex/latex/listings/lstlang1.sty
File: lstlang1.sty 2023/02/27 1.9 listings language file
)
LaTeX Font Info:    Trying to load font information for T1+ptm on input line 84
.

(/usr/share/texlive/texmf-dist/tex/latex/psnfss/t1ptm.fd
File: t1ptm.fd 2001/06/04 font definitions for T1/ptm.
)
(/usr/share/texlive/texmf-dist/tex/latex/l3backend/l3backend-pdftex.def
File: l3backend-pdftex.def 2023-01-16 L3 backend support: PDF output (pdfTeX)
\l__color_backend_stack_int=\count351
\l__pdf_internal_box=\box136
)
(./articulo2024-1S.aux
LaTeX Info: Redefining \. on input line 22.
LaTeX Info: Redefining \% on input line 22.
)
\openout1 = `articulo2024-1S.aux'.

LaTeX Font Info:    Checking defaults for OML/cmm/m/it on input line 84.
LaTeX Font Info:    ... okay on input line 84.
LaTeX Font Info:    Checking defaults for OMS/cmsy/m/n on input line 84.
LaTeX Font Info:    ... okay on input line 84.
LaTeX Font Info:    Checking defaults for OT1/cmr/m/n on input line 84.
LaTeX Font Info:    ... okay on input line 84.
LaTeX Font Info:    Checking defaults for T1/cmr/m/n on input line 84.
LaTeX Font Info:    ... okay on input line 84.
LaTeX Font Info:    Checking defaults for TS1/cmr/m/n on input line 84.
LaTeX Font Info:    ... okay on input line 84.
LaTeX Font Info:    Checking defaults for OMX/cmex/m/n on input line 84.
LaTeX Font Info:    ... okay on input line 84.
LaTeX Font Info:    Checking defaults for U/cmr/m/n on input line 84.
LaTeX Font Info:    ... okay on input line 84.
LaTeX Font Info:    Checking defaults for PD1/pdf/m/n on input line 84.
LaTeX Font Info:    ... okay on input line 84.
LaTeX Font Info:    Checking defaults for PU/pdf/m/n on input line 84.
LaTeX Font Info:    ... okay on input line 84.
LaTeX Info: Redefining \. on input line 84.
LaTeX Info: Redefining \% on input line 84.

*geometry* driver: auto-detecting
*geometry* detected driver: pdftex
*geometry* verbose mode - [ preamble ] result:
* driver: pdftex
* paper: a4paper
* layout: <same size as paper>
* layoutoffset:(h,v)=(0.0pt,0.0pt)
* bindingoffset: 14.45377pt
* modes: 
* h-part:(L,W,R)=(72.2698pt, 438.5145pt, 72.2698pt)
* v-part:(T,H,B)=(72.2698pt, 700.50723pt, 72.2698pt)
* \paperwidth=597.50787pt
* \paperheight=845.04684pt
* \textwidth=438.5145pt
* \textheight=700.50723pt
* \oddsidemargin=14.45358pt
* \evensidemargin=-0.00018pt
* \topmargin=-37.00018pt
* \headheight=12.0pt
* \headsep=25.0pt
* \topskip=12.0pt
* \footskip=18.06749pt
* \marginparwidth=44.0pt
* \marginparsep=10.0pt
* \columnsep=10.0pt
* \skip\footins=10.8pt plus 4.0pt minus 2.0pt
* \hoffset=0.0pt
* \voffset=0.0pt
* \mag=1000
* \@twocolumnfalse
* \@twosidefalse
* \@mparswitchfalse
* \@reversemarginfalse
* (1in=72.27pt=25.4mm, 1cm=28.453pt)

(/usr/share/texlive/texmf-dist/tex/context/base/mkii/supp-pdf.mkii
[Loading MPS to PDF converter (version 2006.09.02).]
\scratchcounter=\count352
\scratchdimen=\dimen304
\scratchbox=\box137
\nofMPsegments=\count353
\nofMParguments=\count354
\everyMPshowfont=\toks49
\MPscratchCnt=\count355
\MPscratchDim=\dimen305
\MPnumerator=\count356
\makeMPintoPDFobject=\count357
\everyMPtoPDFconversion=\toks50
) (/usr/share/texlive/texmf-dist/tex/latex/epstopdf-pkg/epstopdf-base.sty
Package: epstopdf-base 2020-01-24 v2.11 Base part for package epstopdf
Package epstopdf-base Info: Redefining graphics rule for `.eps' on input line 4
85.

(/usr/share/texlive/texmf-dist/tex/latex/latexconfig/epstopdf-sys.cfg
File: epstopdf-sys.cfg 2010/07/13 v1.3 Configuration of (r)epstopdf for TeX Liv
e
))
Package caption Info: Begin \AtBeginDocument code.
Package caption Info: hyperref package is loaded.
Package caption Info: listings package is loaded.
Package caption Info: longtable package is loaded.

(/usr/share/texlive/texmf-dist/tex/latex/caption/ltcaption.sty
Package: ltcaption 2021/01/08 v1.4c longtable captions (AR)
)
Package caption Info: End \AtBeginDocument code.
\c@lstlisting=\count358
Package hyperref Info: Link coloring ON on input line 84.

(./articulo2024-1S.out) (./articulo2024-1S.out)
\@outlinefile=\write4
\openout4 = `articulo2024-1S.out'.

\c@maskedRefs=\count359

(/usr/share/texlive/texmf-dist/tex/latex/apacite/spanish.apc
File: spanish.apc 2013/07/21 v6.03 apacite language file
LaTeX Info: Redefining \BPBI on input line 138.
LaTeX Info: Redefining \BHBI on input line 139.
) [1

{/var/lib/texmf/fonts/map/pdftex/updmap/pdftex.map}{/usr/share/texlive/texmf-di
st/fonts/enc/dvips/base/8r.enc}]
Underfull \hbox (badness 10000) in paragraph at lines 94--95

 []


Underfull \hbox (badness 10000) in paragraph at lines 103--105

 []


Underfull \hbox (badness 6380) in paragraph at lines 107--108
[]\T1/ptm/m/n/12 KEYWORDS: Soft-wa-re En-gi-nee-
 []


Underfull \hbox (badness 10000) in paragraph at lines 117--123

 []

[2] [3]

LaTeX Warning: Reference `tab:evaluaciones' on page 4 undefined on input line 1
30.


Overfull \hbox (21.58798pt too wide) in paragraph at lines 138--146
 [][] 
 []

[4]
Underfull \hbox (badness 10000) in paragraph at lines 165--166

 []


Overfull \hbox (10.13257pt too wide) in alignment at lines 173--178
 [] [] [] [] 
 []


Overfull \hbox (10.13257pt too wide) in alignment at lines 178--184
 [] [] [] [] 
 []


Overfull \hbox (10.13257pt too wide) in alignment at lines 184--187
 [] [] [] [] 
 []


Overfull \hbox (10.13257pt too wide) in alignment at lines 187--189
 [] [] [] [] 
 []


Underfull \hbox (badness 10000) in paragraph at lines 196--196
[]|\T1/ptm/m/n/12 El soft-wa-re y
 []


Underfull \hbox (badness 3148) in paragraph at lines 196--196
\T1/ptm/m/n/12 la in-ge-nie-ría de
 []


Underfull \hbox (badness 10000) in paragraph at lines 196--196
[]|\T1/ptm/m/n/12 Introducción a
 []


Underfull \hbox (badness 2635) in paragraph at lines 196--196
\T1/ptm/m/n/12 la In-ge-nie-ría de
 []


Underfull \hbox (badness 5985) in paragraph at lines 222--222
[]|\T1/ptm/m/n/12 Arquitectura del
 []


Underfull \hbox (badness 10000) in paragraph at lines 222--222
\T1/ptm/m/n/12 Soft-wa-re MVC,
 []


Underfull \hbox (badness 10000) in paragraph at lines 222--222
\T1/ptm/m/n/12 fra-me-work y
 []


Underfull \hbox (badness 1661) in paragraph at lines 228--229
\T1/ptm/m/n/12 una apli-ca-ción web (uso de Git,
 []


Underfull \hbox (badness 10000) in paragraph at lines 229--230
\T1/ptm/m/it/12 ''Frameworks PHP ba-sa-dos en
 []


Underfull \hbox (badness 10000) in paragraph at lines 229--230
\T1/ptm/m/it/12 la ar-qui-tec-tu-ra Modelo-Vista-
 []


Underfull \hbox (badness 7907) in paragraph at lines 229--230
\T1/ptm/m/it/12 Controlador pa-ra de-sa-rro-llo de
 []


Underfull \hbox (badness 2181) in paragraph at lines 234--234
[]|\T1/ptm/m/n/12 Dimensiones del
 []


Underfull \hbox (badness 10000) in paragraph at lines 234--234
[]|\T1/ptm/m/n/12 Documentación
 []


Overfull \hbox (10.13257pt too wide) in alignment at lines 189--247
 [] [] [] [] 
 []

[5] [6]
Overfull \hbox (4.22278pt too wide) in paragraph at lines 269--269
[]|\T1/ptm/b/n/12 Sesión| 
 []


Underfull \hbox (badness 10000) in paragraph at lines 269--269
[]|\T1/ptm/b/n/12 Fecha y
 []


Underfull \hbox (badness 10000) in paragraph at lines 269--269
[]|\T1/ptm/b/n/12 Actividades de-sa-rro-
 []


Underfull \hbox (badness 10000) in paragraph at lines 269--269
[]|\T1/ptm/b/n/12 Metodologías
 []


Overfull \hbox (8.39761pt too wide) in alignment at lines 265--270
 [] [] [] [] [] [] 
 []


Overfull \hbox (4.22278pt too wide) in paragraph at lines 274--274
[]|\T1/ptm/b/n/12 Sesión| 
 []


Underfull \hbox (badness 10000) in paragraph at lines 274--274
[]|\T1/ptm/b/n/12 Fecha y
 []


Underfull \hbox (badness 10000) in paragraph at lines 274--274
[]|\T1/ptm/b/n/12 Actividades de-sa-rro-
 []


Underfull \hbox (badness 10000) in paragraph at lines 274--274
[]|\T1/ptm/b/n/12 Metodologías
 []


Overfull \hbox (8.39761pt too wide) in alignment at lines 270--275
 [] [] [] [] [] [] 
 []


Overfull \hbox (8.39761pt too wide) in alignment at lines 275--278
 [] [] [] [] [] [] 
 []


Overfull \hbox (8.39761pt too wide) in alignment at lines 278--280
 [] [] [] [] [] [] 
 []


Underfull \hbox (badness 10000) in paragraph at lines 284--286
\T1/ptm/m/n/12 6-08-2024
 []


Underfull \hbox (badness 2165) in paragraph at lines 288--288
[]|\T1/ptm/m/n/12 Aula de
 []


Underfull \hbox (badness 10000) in paragraph at lines 290--291
[]\T1/ptm/m/n/12 Presentación
 []


Underfull \hbox (badness 10000) in paragraph at lines 290--291
\T1/ptm/m/n/12 cla-se, prue-ba
 []


Underfull \hbox (badness 4416) in paragraph at lines 290--291
\T1/ptm/m/n/12 y en-tre-ga de
 []


Underfull \hbox (badness 1028) in paragraph at lines 298--299
[]\T1/ptm/m/n/12 Presentación del do-
 []


Underfull \hbox (badness 10000) in paragraph at lines 300--301
[]\T1/ptm/m/n/12 Entrega del si-la-bo,
 []


Underfull \hbox (badness 10000) in paragraph at lines 300--301
\T1/ptm/m/n/12 plan se-mes-tral y
 []


Underfull \hbox (badness 10000) in paragraph at lines 304--305
[]|\T1/ptm/m/n/12 Aprendizaje
 []


Underfull \hbox (badness 2020) in paragraph at lines 304--305
\T1/ptm/m/n/12 Ba-sa-do en la
 []


Underfull \hbox (badness 10000) in paragraph at lines 309--311
\T1/ptm/m/n/12 07-08-2024
 []


Underfull \hbox (badness 2165) in paragraph at lines 313--313
[]|\T1/ptm/m/n/12 Aula de
 []


Underfull \hbox (badness 10000) in paragraph at lines 313--313
[]|\T1/ptm/m/n/12 Socialización,
 []


Underfull \hbox (badness 1635) in paragraph at lines 313--313
\T1/ptm/m/n/12 aná-li-sis de la
 []


Underfull \hbox (badness 10000) in paragraph at lines 318--319
[]\T1/ptm/m/n/12 Socialización de
 []


Underfull \hbox (badness 10000) in paragraph at lines 318--319
\T1/ptm/m/n/12 los re-sul-ta-dos de
 []


Underfull \hbox (badness 4699) in paragraph at lines 318--319
\T1/ptm/m/n/12 la prue-ba de diag-
 []


Underfull \hbox (badness 10000) in paragraph at lines 318--319
\T1/ptm/m/n/12 nós-ti-co:fortalezas y
 []


Underfull \hbox (badness 6047) in paragraph at lines 319--320
[]\T1/ptm/m/n/12 Análisis del si-la-bo,
 []


Underfull \hbox (badness 1097) in paragraph at lines 320--321
\T1/ptm/m/n/12 dad A1-1: Par-ti-ci-pa-
 []


Underfull \hbox (badness 10000) in paragraph at lines 324--325
[]|\T1/ptm/m/n/12 Aprendizaje
 []


Underfull \hbox (badness 10000) in paragraph at lines 329--331
\T1/ptm/m/n/12 13-08-2024
 []


Underfull \hbox (badness 2165) in paragraph at lines 333--333
[]|\T1/ptm/m/n/12 Aula de
 []


Underfull \hbox (badness 10000) in paragraph at lines 333--333
[]|\T1/ptm/m/n/12 Introducción
 []


Underfull \hbox (badness 10000) in paragraph at lines 339--340
[]\T1/ptm/m/n/12 Charla in-tro-duc-to-ria
 []


Underfull \hbox (badness 1178) in paragraph at lines 339--340
\T1/ptm/m/n/12 de vi-da de soft-wa-re
 []


Underfull \hbox (badness 4181) in paragraph at lines 340--341
[]\T1/ptm/m/n/12 Creación de gru-pos
 []


Underfull \hbox (badness 7151) in paragraph at lines 346--347
[]|\T1/ptm/m/n/12 Clase Ma-gis-
 []


Underfull \hbox (badness 2961) in paragraph at lines 346--347
\T1/ptm/m/n/12 tral y Dis-cu-
 []


Underfull \hbox (badness 10000) in paragraph at lines 356--356
[]|\T1/ptm/m/n/12 Laborat.
 []


Underfull \hbox (badness 10000) in paragraph at lines 356--356
\T1/ptm/m/n/12 o Au-la
 []


Underfull \hbox (badness 10000) in paragraph at lines 356--356
\T1/ptm/m/n/12 goo-gle
 []


Underfull \hbox (badness 10000) in paragraph at lines 362--363
[]\T1/ptm/m/n/12 Socialización del
 []


Underfull \hbox (badness 1297) in paragraph at lines 362--363
\T1/ptm/b/n/12 ``¾Existe una si-tua-
 []


Underfull \hbox (badness 6284) in paragraph at lines 362--363
\T1/ptm/b/n/12 ción de cri-sis del
 []


Underfull \hbox (badness 10000) in paragraph at lines 362--363
\T1/ptm/b/n/12 soft-wa-re edu-ca-ti-
 []


Underfull \hbox (badness 6575) in paragraph at lines 365--366
[]\T1/ptm/m/n/12 Registro de nue-vos
 []


Underfull \hbox (badness 2469) in paragraph at lines 366--367
[]\T1/ptm/m/n/12 Exploración de mó-
 []


Underfull \hbox (badness 10000) in paragraph at lines 369--370
[]|\T1/ptm/m/n/12 Aprendizaje
 []


Underfull \hbox (badness 10000) in paragraph at lines 369--370
\T1/ptm/m/n/12 Ba-sa-do en
 []


Underfull \hbox (badness 2165) in paragraph at lines 378--378
[]|\T1/ptm/m/n/12 Aula de
 []


Underfull \hbox (badness 5050) in paragraph at lines 380--381
[]\T1/ptm/m/n/12 Foro de dis-
 []


Underfull \hbox (badness 1540) in paragraph at lines 380--381
\T1/ptm/m/n/12 cu-sión, eje-cu-
 []


Underfull \hbox (badness 10000) in paragraph at lines 393--394
[]|\T1/ptm/m/n/12 Aprendizaje
 []


Underfull \hbox (badness 10000) in paragraph at lines 393--394
\T1/ptm/m/n/12 Ba-sa-do en
 []


Underfull \hbox (badness 6204) in paragraph at lines 403--403
[]|\T1/ptm/m/n/12 Lab. de
 []


Underfull \hbox (badness 10000) in paragraph at lines 403--403
\T1/ptm/m/n/12 Compu-
 []


Underfull \hbox (badness 10000) in paragraph at lines 403--403
[]|\T1/ptm/m/n/12 Exploración
 []


Underfull \hbox (badness 10000) in paragraph at lines 403--403
\T1/ptm/m/n/12 del sis-te-ma
 []


Underfull \hbox (badness 4872) in paragraph at lines 409--410
[]\T1/ptm/m/n/12 Navegación por los
 []


Underfull \hbox (badness 10000) in paragraph at lines 412--413
[]|\T1/ptm/m/n/12 Aprendizaje
 []


Underfull \hbox (badness 2165) in paragraph at lines 427--428
[]\T1/ptm/m/n/12 Aula de
 []


Underfull \hbox (badness 10000) in paragraph at lines 431--432
[]\T1/ptm/m/n/12 Introducción
 []


Underfull \hbox (badness 10000) in paragraph at lines 431--432
\T1/ptm/m/n/12 de re-que-ri-
 []


Underfull \hbox (badness 10000) in paragraph at lines 431--432
\T1/ptm/m/n/12 mien-tos y
 []


Underfull \hbox (badness 10000) in paragraph at lines 431--432
\T1/ptm/m/n/12 Crea-ción de
 []


Underfull \hbox (badness 10000) in paragraph at lines 431--432
\T1/ptm/m/n/12 his-to-rias de
 []


Underfull \hbox (badness 4181) in paragraph at lines 439--440
[]\T1/ptm/m/n/12 Ejecución del ta-ller
 []


Underfull \hbox (badness 2310) in paragraph at lines 439--440
\T1/ptm/m/n/12 de usua-rio(Actividad
 []


Underfull \hbox (badness 10000) in paragraph at lines 439--440

 []


Underfull \hbox (badness 2027) in paragraph at lines 440--441
[]\T1/ptm/m/n/12 Validación de his-to-
 []


Underfull \hbox (badness 10000) in paragraph at lines 441--442

 []


Underfull \hbox (badness 2293) in paragraph at lines 443--444
[]|\T1/ptm/m/n/12 Talleres Prác-
 []


Underfull \hbox (badness 2165) in paragraph at lines 453--453
[]|\T1/ptm/m/n/12 Aula de
 []


Underfull \hbox (badness 10000) in paragraph at lines 455--456
\T1/ptm/m/n/12 de re-que-
 []


Underfull \hbox (badness 10000) in paragraph at lines 455--456
\T1/ptm/m/n/12 ri-mien-
 []


Underfull \hbox (badness 10000) in paragraph at lines 455--456
\T1/ptm/m/n/12 to(Actividad
 []


Underfull \hbox (badness 3396) in paragraph at lines 465--466
[]\T1/ptm/m/n/12 En cla-ses los es-tu-
 []


Underfull \hbox (badness 2027) in paragraph at lines 465--466
\T1/ptm/m/n/12 dian-tes si-mu-la-ran el
 []


Underfull \hbox (badness 1005) in paragraph at lines 465--466
\T1/ptm/m/n/12 le-van-ta-mien-to de re-
 []


Underfull \hbox (badness 1917) in paragraph at lines 465--466
\T1/ptm/m/n/12 que-ri-mien-to uti-li-zan-
 []


Underfull \hbox (badness 2689) in paragraph at lines 466--467
[]\T1/ptm/m/n/12 Entrevista a usua-rio
 []


Underfull \hbox (badness 10000) in paragraph at lines 470--471
[]|\T1/ptm/m/n/12 Aprendizaje
 []


Underfull \hbox (badness 10000) in paragraph at lines 470--471
\T1/ptm/m/n/12 Ba-sa-do en
 []


Underfull \hbox (badness 10000) in paragraph at lines 477--479
\T1/ptm/m/n/12 03-09-2024
 []


Underfull \hbox (badness 2165) in paragraph at lines 481--481
[]|\T1/ptm/m/n/12 Aula de
 []


Underfull \hbox (badness 10000) in paragraph at lines 481--481
[]|\T1/ptm/m/n/12 Metodología
 []


Underfull \hbox (badness 10000) in paragraph at lines 487--488
[]\T1/ptm/m/n/12 Preguntas y res-
 []


Underfull \hbox (badness 10000) in paragraph at lines 487--488
\T1/ptm/m/n/12 pues-tas (Ac-ti-vi-dad
 []


Underfull \hbox (badness 10000) in paragraph at lines 487--488
\T1/ptm/m/n/12 A1-2: Par-ti-ci-pa-ción
 []


Underfull \hbox (badness 10000) in paragraph at lines 487--488

 []


Underfull \hbox (badness 10000) in paragraph at lines 490--491
[]|\T1/ptm/m/n/12 Aprendizaje
 []


Underfull \hbox (badness 10000) in paragraph at lines 496--498
\T1/ptm/m/n/12 04-09-2024
 []


Underfull \hbox (badness 2165) in paragraph at lines 500--500
[]|\T1/ptm/m/n/12 Aula de
 []


Underfull \hbox (badness 10000) in paragraph at lines 500--500
[]|\T1/ptm/m/n/12 Socialización
 []


Underfull \hbox (badness 10000) in paragraph at lines 500--500
\T1/ptm/m/n/12 de ar-tícu-lo
 []


Underfull \hbox (badness 2653) in paragraph at lines 506--507
[]\T1/ptm/m/n/12 Socialización de ar-
 []


Underfull \hbox (badness 2150) in paragraph at lines 507--508
[]\T1/ptm/m/n/12 Pregunas y res-pues-
 []


Underfull \hbox (badness 10000) in paragraph at lines 507--508
\T1/ptm/m/n/12 tas(Actividad A1-2:
 []


Underfull \hbox (badness 10000) in paragraph at lines 507--508
\T1/ptm/m/n/12 Par-ti-ci-pa-ción en
 []


Underfull \hbox (badness 10000) in paragraph at lines 508--509

 []


Underfull \hbox (badness 7116) in paragraph at lines 511--512
[]|\T1/ptm/m/n/12 Simulación y
 []


Underfull \hbox (badness 10000) in paragraph at lines 517--519
\T1/ptm/m/n/12 10-09-2024
 []


Underfull \hbox (badness 2165) in paragraph at lines 521--521
[]|\T1/ptm/m/n/12 Aula de
 []


Underfull \hbox (badness 10000) in paragraph at lines 523--524
[]\T1/ptm/m/n/12 Creación de
 []


Underfull \hbox (badness 10000) in paragraph at lines 523--524
\T1/ptm/m/n/12 pro-to-ti-pos,
 []


Underfull \hbox (badness 10000) in paragraph at lines 523--524
\T1/ptm/m/n/12 In-ter-fa-ces de
 []


Underfull \hbox (badness 10000) in paragraph at lines 530--531
[]\T1/ptm/m/n/12 Introducción a los
 []


Underfull \hbox (badness 10000) in paragraph at lines 531--532
[]\T1/ptm/m/n/12 Taller crea-ción de
 []


Underfull \hbox (badness 10000) in paragraph at lines 531--532
\T1/ptm/m/n/12 pro-to-ti-pos (Ac-ti-vi-da
 []


Underfull \hbox (badness 10000) in paragraph at lines 531--532
\T1/ptm/m/n/12 A1-2: Par-ti-ci-pa-ción
 []


Underfull \hbox (badness 10000) in paragraph at lines 531--532

 []


Underfull \hbox (badness 10000) in paragraph at lines 542--544
[]\T1/ptm/m/n/12 Miércoles,
 []


Underfull \hbox (badness 10000) in paragraph at lines 542--544
\T1/ptm/m/n/12 11-09-2024
 []


Underfull \hbox (badness 2165) in paragraph at lines 546--546
[]|\T1/ptm/m/n/12 Aula de
 []


Underfull \hbox (badness 10000) in paragraph at lines 550--551
[]\T1/ptm/m/n/12 Los gru-pos Scrum
 []


Underfull \hbox (badness 2368) in paragraph at lines 550--551
\T1/ptm/m/n/12 rea-li-zan un fo-ro de
 []


Underfull \hbox (badness 10000) in paragraph at lines 550--551
\T1/ptm/m/n/12 dis-cu-ción so-bre al
 []


Underfull \hbox (badness 5203) in paragraph at lines 551--552
[]\T1/ptm/m/n/12 Se gra-ba en vi-deo
 []


Underfull \hbox (badness 10000) in paragraph at lines 554--555
[]|\T1/ptm/m/n/12 Aprendizaje
 []


Underfull \hbox (badness 10000) in paragraph at lines 554--555
\T1/ptm/m/n/12 Ba-sa-do en
 []


Underfull \hbox (badness 10000) in paragraph at lines 559--561
\T1/ptm/m/n/12 17-09-2024
 []


Underfull \hbox (badness 2165) in paragraph at lines 563--563
[]|\T1/ptm/m/n/12 Aula de
 []


Overfull \hbox (4.86314pt too wide) in paragraph at lines 563--563
[]|\T1/ptm/m/n/12 Requerimientos
 []


Underfull \hbox (badness 2478) in paragraph at lines 568--569
[]\T1/ptm/m/n/12 Comparación de re-
 []


Underfull \hbox (badness 10000) in paragraph at lines 579--581
\T1/ptm/m/n/12 18-09-2024
 []


Underfull \hbox (badness 2165) in paragraph at lines 583--583
[]|\T1/ptm/m/n/12 Aula de
 []


Underfull \hbox (badness 10000) in paragraph at lines 585--586
[]|\T1/ptm/m/n/12 Dramatización
 []


Underfull \hbox (badness 10000) in paragraph at lines 585--586
\T1/ptm/m/n/12 me-to-do-lo-gía
 []


Underfull \hbox (badness 1308) in paragraph at lines 591--592
[]\T1/ptm/m/n/12 Análisis de dra-ma-ti-
 []


Underfull \hbox (badness 10000) in paragraph at lines 592--593
[]\T1/ptm/m/n/12 Planificación de la
 []


Underfull \hbox (badness 4036) in paragraph at lines 592--593
\T1/ptm/m/n/12 dra-ma-ti-za-ción ac-tual
 []


Overfull \hbox (2.51117pt too wide) in paragraph at lines 595--596
[]|\T1/ptm/m/n/12 Dramatización.| 
 []


Underfull \hbox (badness 10000) in paragraph at lines 600--602
\T1/ptm/m/n/12 24-09-2024
 []


Overfull \hbox (9.3162pt too wide) in paragraph at lines 604--604
[]|\T1/ptm/m/n/12 Ambientes
 []


Underfull \hbox (badness 10000) in paragraph at lines 604--604
[]|\T1/ptm/m/n/12 Dramatización
 []


Underfull \hbox (badness 10000) in paragraph at lines 604--604
\T1/ptm/m/n/12 Me-to-do-lo-gíá
 []


Underfull \hbox (badness 1242) in paragraph at lines 609--610
[]\T1/ptm/m/n/12 Dramatización me-to-
 []


Underfull \hbox (badness 10000) in paragraph at lines 612--613
[]|\T1/ptm/m/n/12 Aprendizaje
 []


Underfull \hbox (badness 10000) in paragraph at lines 612--613
\T1/ptm/m/n/12 Ba-sa-do en
 []


Underfull \hbox (badness 10000) in paragraph at lines 618--620
\T1/ptm/m/n/12 25-09-2024
 []


Underfull \hbox (badness 10000) in paragraph at lines 622--622
[]|\T1/ptm/m/n/12 Lab.
 []


Underfull \hbox (badness 10000) in paragraph at lines 622--622
\T1/ptm/m/n/12 Au-dio-
 []


Underfull \hbox (badness 1158) in paragraph at lines 624--625
\T1/ptm/m/n/12 ma-ti-va pri-mer
 []


Overfull \hbox (2.51117pt too wide) in paragraph at lines 635--636
[]|\T1/ptm/m/n/12 Dramatización. 
 []


Underfull \hbox (badness 2165) in paragraph at lines 648--648
[]|\T1/ptm/m/n/12 Aula de
 []


Overfull \hbox (4.85141pt too wide) in paragraph at lines 648--648
[]|\T1/ptm/m/n/12 Documentación
 []


Underfull \hbox (badness 10000) in paragraph at lines 648--648
\T1/ptm/m/n/12 de re-que-ri-
 []


Underfull \hbox (badness 5667) in paragraph at lines 654--655
[]\T1/ptm/m/n/12 Introducción al do-
 []


Underfull \hbox (badness 1655) in paragraph at lines 654--655
\T1/ptm/m/n/12 cu-men-to de re-que-ri-
 []


Underfull \hbox (badness 1515) in paragraph at lines 655--656
[]\T1/ptm/m/n/12 Socialización Ac-ti-vi-
 []


Underfull \hbox (badness 10000) in paragraph at lines 655--656
\T1/ptm/m/n/12 (Documentación de
 []


Underfull \hbox (badness 10000) in paragraph at lines 655--656

 []


Underfull \hbox (badness 2165) in paragraph at lines 665--665
[]|\T1/ptm/m/n/12 Aula de
 []


Underfull \hbox (badness 10000) in paragraph at lines 665--665
[]|\T1/ptm/m/n/12 Revisión de
 []


Underfull \hbox (badness 10000) in paragraph at lines 665--665
\T1/ptm/m/n/12 la do-cu-men-
 []


Underfull \hbox (badness 10000) in paragraph at lines 665--665
\T1/ptm/m/n/12 ta-ción de
 []


Underfull \hbox (badness 10000) in paragraph at lines 665--665
\T1/ptm/m/n/12 re-que-ri-mien-
 []


Underfull \hbox (badness 10000) in paragraph at lines 669--670
[]\T1/ptm/m/n/12 Revisión de ac-ti-
 []


Underfull \hbox (badness 10000) in paragraph at lines 669--670
\T1/ptm/m/n/12 vi-dad do-cu-men-tal
 []


Underfull \hbox (badness 10000) in paragraph at lines 672--673
[]|\T1/ptm/m/n/12 Feedback
 []


Underfull \hbox (badness 10000) in paragraph at lines 678--680
\T1/ptm/m/n/12 08-10-2024
 []


Underfull \hbox (badness 2165) in paragraph at lines 682--682
[]|\T1/ptm/m/n/12 Aula de
 []


Underfull \hbox (badness 10000) in paragraph at lines 682--682
[]|\T1/ptm/m/n/12 Arquitectura
 []


Underfull \hbox (badness 10000) in paragraph at lines 682--682
\T1/ptm/m/n/12 del soft-wa-
 []


Underfull \hbox (badness 10000) in paragraph at lines 686--687
[]\T1/ptm/m/n/12 Charla so-bre el
 []


Underfull \hbox (badness 10000) in paragraph at lines 686--687
\T1/ptm/m/n/12 modelo-vista-
 []


Underfull \hbox (badness 10000) in paragraph at lines 687--688
[]\T1/ptm/m/n/12 Asignación de un
 []


Underfull \hbox (badness 1552) in paragraph at lines 687--688
\T1/ptm/m/n/12 mó-du-lo SI-CA a los
 []


Underfull \hbox (badness 10000) in paragraph at lines 687--688

 []


Underfull \hbox (badness 10000) in paragraph at lines 689--690
[]|\T1/ptm/m/n/12 Aprendizaje
 []


Underfull \hbox (badness 10000) in paragraph at lines 689--690
\T1/ptm/m/n/12 Ba-sa-do en
 []


Underfull \hbox (badness 10000) in paragraph at lines 695--697
\T1/ptm/m/n/12 09-10-2024
 []


Underfull \hbox (badness 2165) in paragraph at lines 699--699
[]|\T1/ptm/m/n/12 Aula de
 []


Underfull \hbox (badness 10000) in paragraph at lines 701--702
[]\T1/ptm/m/n/12 Socialización
 []


Underfull \hbox (badness 10000) in paragraph at lines 701--702
\T1/ptm/m/n/12 de ar-tícu-lo
 []


Underfull \hbox (badness 10000) in paragraph at lines 701--702
\T1/ptm/m/n/12 la Ac-ti-vi-dad
 []


Underfull \hbox (badness 1024) in paragraph at lines 709--710
[]\T1/ptm/m/n/12 Análisis de ar-tícu-los
 []


Underfull \hbox (badness 10000) in paragraph at lines 710--712
\T1/ptm/b/n/12 Fra-me-works PHP
 []


Underfull \hbox (badness 5008) in paragraph at lines 710--712
\T1/ptm/b/n/12 ba-sa-dos en la ar-
 []


Underfull \hbox (badness 5431) in paragraph at lines 710--712
\T1/ptm/b/n/12 qui-tec-tu-ra Modelo-
 []


Underfull \hbox (badness 10000) in paragraph at lines 710--712
\T1/ptm/b/n/12 Vista-Controlador
 []


Underfull \hbox (badness 3724) in paragraph at lines 710--712
\T1/ptm/b/n/12 pa-ra de-sa-rro-llo de
 []


Underfull \hbox (badness 2818) in paragraph at lines 714--715
[]|\T1/ptm/m/n/12 Lectura Crí-ti-
 []


Underfull \hbox (badness 2165) in paragraph at lines 723--723
[]|\T1/ptm/m/n/12 Aula de
 []


Underfull \hbox (badness 10000) in paragraph at lines 751--752
[]\T1/ptm/m/n/12 Laborat.
 []


Underfull \hbox (badness 10000) in paragraph at lines 751--752
\T1/ptm/m/n/12 Google
 []


Underfull \hbox (badness 10000) in paragraph at lines 755--756
\T1/ptm/m/n/12 cuen-ta en
 []


Underfull \hbox (badness 10000) in paragraph at lines 777--779
\T1/ptm/m/n/12 22-10-2024
 []


Underfull \hbox (badness 2165) in paragraph at lines 781--781
[]|\T1/ptm/m/n/12 Aula de
 []


Underfull \hbox (badness 10000) in paragraph at lines 793--794
[]|\T1/ptm/m/n/12 Aprendizaje
 []


Underfull \hbox (badness 10000) in paragraph at lines 793--794
\T1/ptm/m/n/12 Ba-sa-do en
 []


Underfull \hbox (badness 10000) in paragraph at lines 804--805
\T1/ptm/m/n/12 Aula
 []


Underfull \hbox (badness 10000) in paragraph at lines 804--805
\T1/ptm/m/n/12 Goo-gle
 []


Underfull \hbox (badness 10000) in paragraph at lines 809--810
[]\T1/ptm/m/n/12 Configuración
 []


Underfull \hbox (badness 10000) in paragraph at lines 809--810
\T1/ptm/m/n/12 y des-plie-gue
 []


Underfull \hbox (badness 3503) in paragraph at lines 820--821
\T1/ptm/m/n/12 me-ra ver-sión de la
 []


Underfull \hbox (badness 10000) in paragraph at lines 821--822
[]\T1/ptm/m/n/12 Ejecución ac-ti-vi-dad
 []


Underfull \hbox (badness 6204) in paragraph at lines 836--836
[]|\T1/ptm/m/n/12 Lab. de
 []


Underfull \hbox (badness 10000) in paragraph at lines 836--836
\T1/ptm/m/n/12 Compu-
 []


Overfull \hbox (4.85141pt too wide) in paragraph at lines 837--838
[]|\T1/ptm/m/n/12 Documentación
 []


Underfull \hbox (badness 1881) in paragraph at lines 845--846
[]\T1/ptm/m/n/12 Tipo de do-cu-men-ta-
 []


Underfull \hbox (badness 10000) in paragraph at lines 846--847
[]\T1/ptm/m/n/12 Github pa-ra do-cu-
 []


Underfull \hbox (badness 10000) in paragraph at lines 846--847
\T1/ptm/m/n/12 men-tar (ejem-plo:
 []


Underfull \hbox (badness 10000) in paragraph at lines 846--847
\T1/ptm/m/n/12 do-cu-men-tar un
 []


Underfull \hbox (badness 10000) in paragraph at lines 860--861
[]\T1/ptm/m/n/12 Laborat.
 []


Underfull \hbox (badness 10000) in paragraph at lines 860--861
\T1/ptm/m/n/12 Aula
 []


Underfull \hbox (badness 10000) in paragraph at lines 860--861
\T1/ptm/m/n/12 goo-gle
 []


Underfull \hbox (badness 10000) in paragraph at lines 865--866
[]\T1/ptm/m/n/12 Taller do-cu-
 []


Underfull \hbox (badness 10000) in paragraph at lines 873--874
[]\T1/ptm/m/n/12 El do-cen-te jun-to
 []


Underfull \hbox (badness 10000) in paragraph at lines 873--874
\T1/ptm/m/n/12 con un vo-lun-ta-rio
 []


Underfull \hbox (badness 10000) in paragraph at lines 873--874
\T1/ptm/m/n/12 do-cu-men-ta-ran una
 []


Underfull \hbox (badness 10000) in paragraph at lines 877--878
[]|\T1/ptm/m/n/12 Presentación
 []


Underfull \hbox (badness 10000) in paragraph at lines 883--885
\T1/ptm/m/n/12 05-11-2024
 []


Underfull \hbox (badness 6204) in paragraph at lines 887--887
[]|\T1/ptm/m/n/12 Lab. de
 []


Underfull \hbox (badness 10000) in paragraph at lines 887--887
\T1/ptm/m/n/12 Compu-
 []


Overfull \hbox (2.19916pt too wide) in paragraph at lines 887--887
[]|\T1/ptm/m/n/12 Mantenimiento
 []


Underfull \hbox (badness 2653) in paragraph at lines 892--893
[]\T1/ptm/m/n/12 Socialización de ar-
 []


Underfull \hbox (badness 10000) in paragraph at lines 895--896
\T1/ptm/m/n/12 A2-2 (Par-ti-ci-pa-ción
 []


Underfull \hbox (badness 1917) in paragraph at lines 898--899
[]|\T1/ptm/m/n/12 Práctica guia-
 []


Underfull \hbox (badness 10000) in paragraph at lines 904--906
\T1/ptm/m/n/12 06-11-2024
 []


Underfull \hbox (badness 2165) in paragraph at lines 908--908
[]|\T1/ptm/m/n/12 Aula de
 []


Underfull \hbox (badness 10000) in paragraph at lines 908--908
[]|\T1/ptm/m/n/12 Foro Ac-ti-vi-
 []


Underfull \hbox (badness 4492) in paragraph at lines 914--915
\T1/ptm/m/n/12 DevOps in Prac-ti-ce
 []


Underfull \hbox (badness 10000) in paragraph at lines 914--915
\T1/ptm/m/n/12 ge-ment In-for-ma-tion
 []


Underfull \hbox (badness 10000) in paragraph at lines 914--915

 []


Underfull \hbox (badness 2818) in paragraph at lines 916--917
[]|\T1/ptm/m/n/12 Lectura Crí-ti-
 []


Underfull \hbox (badness 10000) in paragraph at lines 922--924
\T1/ptm/m/n/12 19-11-2024
 []


Underfull \hbox (badness 10000) in paragraph at lines 928--929
[]\T1/ptm/m/n/12 Laborat.
 []


Underfull \hbox (badness 10000) in paragraph at lines 928--929
\T1/ptm/m/n/12 o Au-la
 []


Underfull \hbox (badness 10000) in paragraph at lines 932--933
\T1/ptm/m/n/12 gra-ma-ción,
 []


Underfull \hbox (badness 7151) in paragraph at lines 945--946
[]|\T1/ptm/m/n/12 Clase Ma-gis-
 []


Underfull \hbox (badness 10000) in paragraph at lines 951--953
\T1/ptm/m/n/12 26-11-2024
 []


Underfull \hbox (badness 10000) in paragraph at lines 963--964
[]\T1/ptm/m/n/12 Presentación
 []


Underfull \hbox (badness 10000) in paragraph at lines 972--973
[]|\T1/ptm/m/n/12 Aprendizaje
 []


Underfull \hbox (badness 10000) in paragraph at lines 972--973
\T1/ptm/m/n/12 Ba-sa-do en
 []


Underfull \hbox (badness 10000) in paragraph at lines 977--979
\T1/ptm/m/n/12 27-12-2024
 []


Underfull \hbox (badness 1902) in paragraph at lines 986--986
[]|\T1/ptm/m/n/12 Aplicación fi-
 []


Underfull \hbox (badness 4467) in paragraph at lines 992--993
[]\T1/ptm/m/n/12 Todos los es-tu-dian-
 []


Underfull \hbox (badness 4492) in paragraph at lines 992--993
\T1/ptm/m/n/12 tes de-be-ran evi-den-
 []


Underfull \hbox (badness 1314) in paragraph at lines 992--993
\T1/ptm/m/n/12 ciar su par-ti-ci-pa-ción
 []


Underfull \hbox (badness 10000) in paragraph at lines 997--998
[]\T1/ptm/m/n/12 Aprendizaje
 []


Underfull \hbox (badness 10000) in paragraph at lines 997--998
\T1/ptm/m/n/12 Ba-sa-do en
 []


Underfull \hbox (badness 10000) in paragraph at lines 1008--1010
\T1/ptm/m/n/12 04-12-2024
 []


Underfull \hbox (badness 2165) in paragraph at lines 1012--1012
[]|\T1/ptm/m/n/12 Aula de
 []


Underfull \hbox (badness 10000) in paragraph at lines 1024--1025
[]|\T1/ptm/m/n/12 Evaluación
 []


Overfull \hbox (8.39761pt too wide) in alignment at lines 280--1029
 [] [] [] [] [] [] 
 []

[7] [8] [9] [10] [11] [12] [13] [14] [15] [16] [17] [18] [19] [20]

Package array Warning: Column P is already defined on input line 1100.


Overfull \hbox (5.65042pt too wide) in alignment at lines 1104--1109
 [] [] [] 
 []


Overfull \hbox (5.65042pt too wide) in alignment at lines 1109--1114
 [] [] [] 
 []


Overfull \hbox (5.65042pt too wide) in alignment at lines 1114--1116
 [] [] [] 
 []


Overfull \hbox (5.65042pt too wide) in alignment at lines 1116--1119
 [] [] [] 
 []


Underfull \hbox (badness 10000) in paragraph at lines 1120--1120
[]|\T1/ptm/m/n/12 Conexión teoría-
 []


Underfull \hbox (badness 1371) in paragraph at lines 1125--1126
[]\T1/ptm/m/n/12 Experiencia fue va-lio-sa y
 []


Underfull \hbox (badness 4621) in paragraph at lines 1133--1134
[]\T1/ptm/m/n/12 Necesidad de más ac-ti-vi-da-des
 []


Underfull \hbox (badness 10000) in paragraph at lines 1140--1141
[]\T1/ptm/m/n/12 Fomenta la co-la-bo-ra-ción
 []


Underfull \hbox (badness 2662) in paragraph at lines 1163--1164
[]\T1/ptm/m/n/12 Necesidad de re-tro-ali-men-ta-ción
 []


Underfull \hbox (badness 1902) in paragraph at lines 1168--1168
[]|\T1/ptm/m/n/12 Herramientas y re-
 []


Underfull \hbox (badness 5939) in paragraph at lines 1172--1173
[]\T1/ptm/m/n/12 Beneficio de fra-me-works
 []


Underfull \hbox (badness 2050) in paragraph at lines 1209--1210
[]\T1/ptm/m/n/12 La ABP per-mi-tió ex-pe-ri-
 []


Underfull \hbox (badness 2529) in paragraph at lines 1209--1210
\T1/ptm/m/n/12 re-que-ri-mien-tos cam-bian-tes
 []


Underfull \hbox (badness 3354) in paragraph at lines 1242--1243
[]\T1/ptm/m/n/12 Introducir la me-to-do-lo-gía
 []


Underfull \hbox (badness 1460) in paragraph at lines 1248--1249
[]\T1/ptm/m/n/12 Falta de pre-pa-ra-ción ini-cial en
 []


Underfull \hbox (badness 4995) in paragraph at lines 1253--1254
[]\T1/ptm/m/n/12 Las ac-ti-vi-da-des re-ta-do-ras
 []


Underfull \hbox (badness 2261) in paragraph at lines 1258--1259
[]\T1/ptm/m/n/12 Algunos de las ac-ti-vi-da-des de
 []


Underfull \hbox (badness 7814) in paragraph at lines 1258--1259
\T1/ptm/m/n/12 apren-di-za-je de-bie-ron ser más
 []


Underfull \hbox (badness 10000) in paragraph at lines 1258--1259
\T1/ptm/m/n/12 com-ple-jos pa-ra au-men-tar el
 []


Overfull \hbox (5.65042pt too wide) in alignment at lines 1119--1266
 [] [] [] 
 []

[21] [22]
Underfull \hbox (badness 10000) in paragraph at lines 1277--1282
[]\T1/ptm/m/n/12 La me-to-do-lo-gía de apren-di-za-je
 []


Underfull \hbox (badness 7981) in paragraph at lines 1277--1282
\T1/ptm/m/n/12 ba-sa-da en pro-yec-tos (ABP) es-ta pro-
 []


Underfull \hbox (badness 6526) in paragraph at lines 1277--1282
\T1/ptm/m/n/12 pues-ta en el mo-de-lo edu-ca-ti-vo de la
 []


Underfull \hbox (badness 10000) in paragraph at lines 1277--1282

 []

[23]
Underfull \hbox (badness 10000) in paragraph at lines 1283--1283
|[]\T1/ptm/b/n/17.28 Conclusiones y Re-co-
 []

(./articulo2024-1S.bbl
LaTeX Font Info:    Trying to load font information for T1+pcr on input line 10
2.
 (/usr/share/texlive/texmf-dist/tex/latex/psnfss/t1pcr.fd
File: t1pcr.fd 2001/06/04 font definitions for T1/pcr.
)
Underfull \hbox (badness 6725) in paragraph at lines 88--107
\T1/ptm/m/it/12 de la in-for-ma-ción"presentada por
 []


Underfull \hbox (badness 10000) in paragraph at lines 88--107
[][]$\T1/pcr/m/n/12 https :// repositorioutlvte []
 []


Underfull \hbox (badness 10000) in paragraph at lines 88--107
\T1/pcr/m/n/12 .org / Repositorio / 2024 [] -08 []
 []

[24]
Underfull \hbox (badness 10000) in paragraph at lines 266--282
\T1/ptm/m/n/12 ga-do de [][]$\T1/pcr/m/n/12 https :// doi [] .org /
 []


Underfull \hbox (badness 10000) in paragraph at lines 266--282
\T1/pcr/m/n/12 10 [] .46502 / issn [] .1856 [] -7576 /
 []


Underfull \hbox (badness 10000) in paragraph at lines 294--314
[]\T1/ptm/m/n/12 on In-for-ma-tion Tech-no-logy Cu-rri-cu-la,
 []


Underfull \hbox (badness 5954) in paragraph at lines 294--314
\T1/ptm/m/n/12 So-ciety (IEEE-CS).  Des-car-ga-do
 []


Underfull \hbox (badness 10000) in paragraph at lines 294--314
\T1/ptm/m/n/12 de [][]$\T1/pcr/m/n/12 https :// www [] .acm [] .org /
 []


Underfull \hbox (badness 10000) in paragraph at lines 294--314
\T1/pcr/m/n/12 binaries / content / assets /
 []

) [25] (./articulo2024-1S.aux
LaTeX Info: Redefining \. on input line 22.
LaTeX Info: Redefining \% on input line 22.
)

LaTeX Warning: There were undefined references.

Package rerunfilecheck Info: File `articulo2024-1S.out' has not changed.
(rerunfilecheck)             Checksum: 87FC9AF9D4DB0306913934A17933193D;1080.
 ) 
Here is how much of TeX's memory you used:
 31568 strings out of 476041
 626768 string characters out of 5793164
 1981388 words of memory out of 6000000
 51437 multiletter control sequences out of 15000+600000
 539513 words of font info for 67 fonts, out of 8000000 for 9000
 1137 hyphenation exceptions out of 8191
 93i,10n,99p,1265b,787s stack positions out of 10000i,1000n,20000p,200000b,200000s
</usr/share/texlive/texmf-dist/fonts/type1/urw/courier/ucrr8a.pfb></usr/share
/texlive/texmf-dist/fonts/type1/urw/times/utmb8a.pfb></usr/share/texlive/texmf-
dist/fonts/type1/urw/times/utmr8a.pfb></usr/share/texlive/texmf-dist/fonts/type
1/urw/times/utmri8a.pfb>
Output written on articulo2024-1S.pdf (25 pages, 136159 bytes).
PDF statistics:
 297 PDF objects out of 1000 (max. 8388607)
 235 compressed objects within 3 object streams
 56 named destinations out of 1000 (max. 500000)
 221 words of extra memory for PDF output out of 10000 (max. 10000000)

